<?xml version="1.0" encoding="UTF-8"?>
<!-- Generated by org.testng.reporters.JUnitReportReporter -->
<testsuite hostname="WINDOW" failures="0" tests="4" name="com.Test.LoginTest" time="27.017" errors="0" timestamp="2025-09-18T20:33:32 IST" skipped="0">
  <testcase classname="com.Test.LoginTest" name="testLoginWithBlankFieldsShowsError" time="9.322"/>
  <testcase classname="com.Test.LoginTest" name="testInvalidLoginShowsError" time="9.519"/>
  <testcase classname="com.Test.LoginTest" name="testPasswordMaskedButton" time="2.850"/>
  <testcase classname="com.Test.LoginTest" name="testPageElementsPresence" time="5.326"/>
</testsuite> <!-- com.Test.LoginTest -->
